#
# There is insufficient memory for the Java Runtime Environment to continue.
# Native memory allocation (malloc) failed to allocate 1742416 bytes for Chunk::new
# Possible reasons:
#   The system is out of physical RAM or swap space
#   In 32 bit mode, the process size limit was hit
# Possible solutions:
#   Reduce memory load on the system
#   Increase physical memory or swap space
#   Check if swap backing store is full
#   Use 64 bit Java on a 64 bit OS
#   Decrease Java heap size (-Xmx/-Xms)
#   Decrease number of Java threads
#   Decrease Java thread stack sizes (-Xss)
#   Set larger code cache with -XX:ReservedCodeCacheSize=
# This output file may be truncated or incomplete.
#
#  Out of Memory Error (allocation.cpp:390), pid=8248, tid=2352
#
# JRE version: Java(TM) SE Runtime Environment (8.0_91-b14) (build 1.8.0_91-b14)
# Java VM: Java HotSpot(TM) 64-Bit Server VM (25.91-b14 mixed mode windows-amd64 compressed oops)
# Failed to write core dump. Minidumps are not enabled by default on client versions of Windows
#

---------------  T H R E A D  ---------------

Current thread (0x000000005539a800):  JavaThread "C2 CompilerThread1" daemon [_thread_in_native, id=2352, stack(0x0000000056950000,0x0000000056a50000)]

Stack: [0x0000000056950000,0x0000000056a50000]
[error occurred during error reporting (printing stack bounds), id 0xc0000005]

Native frames: (J=compiled Java code, j=interpreted, Vv=VM code, C=native code)


Current CompileTask:
C2:   3823 1389   !   4       com.android.dx.cf.cst.ConstantPoolParser::parse0 (731 bytes)


---------------  P R O C E S S  ---------------

Java Threads: ( => current thread )
  0x00000000570a8800 JavaThread "pool-1-thread-4" [_thread_in_Java, id=4360, stack(0x0000000057940000,0x0000000057a40000)]
  0x00000000570a0800 JavaThread "pool-1-thread-3" [_thread_in_Java, id=2940, stack(0x00000000573f0000,0x00000000574f0000)]
  0x0000000057028000 JavaThread "pool-1-thread-2" [_thread_blocked, id=3196, stack(0x00000000576b0000,0x00000000577b0000)]
  0x0000000057027800 JavaThread "pool-2-thread-1" [_thread_blocked, id=6624, stack(0x0000000057590000,0x0000000057690000)]
  0x0000000057026800 JavaThread "pool-1-thread-1" [_thread_blocked, id=760, stack(0x00000000572c0000,0x00000000573c0000)]
  0x0000000056d58800 JavaThread "Service Thread" daemon [_thread_blocked, id=3468, stack(0x0000000057160000,0x0000000057260000)]
  0x000000005539b800 JavaThread "C1 CompilerThread2" daemon [_thread_blocked, id=2728, stack(0x0000000056c50000,0x0000000056d50000)]
=>0x000000005539a800 JavaThread "C2 CompilerThread1" daemon [_thread_in_native, id=2352, stack(0x0000000056950000,0x0000000056a50000)]
  0x0000000055398800 JavaThread "C2 CompilerThread0" daemon [_thread_in_native, id=3448, stack(0x0000000056a80000,0x0000000056b80000)]
  0x0000000055393000 JavaThread "Attach Listener" daemon [_thread_blocked, id=5212, stack(0x0000000056800000,0x0000000056900000)]
  0x0000000055391800 JavaThread "Signal Dispatcher" daemon [_thread_blocked, id=3512, stack(0x00000000566b0000,0x00000000567b0000)]
  0x000000005537b000 JavaThread "Finalizer" daemon [_thread_blocked, id=4768, stack(0x00000000564f0000,0x00000000565f0000)]
  0x0000000055334000 JavaThread "Reference Handler" daemon [_thread_blocked, id=9052, stack(0x0000000056350000,0x0000000056450000)]
  0x00000000021a8000 JavaThread "main" [_thread_in_Java, id=7740, stack(0x0000000002460000,0x0000000002560000)]

Other Threads:
  0x000000005532c000 VMThread [stack: 0x00000000561c0000,0x00000000562c0000] [id=8872]
  0x0000000056dc7800 WatcherThread [stack: 0x0000000056070000,0x0000000056170000] [id=1388]

VM state:not at safepoint (normal execution)

VM Mutex/Monitor currently owned by a thread: None

Heap:
 PSYoungGen      total 67584K, used 19422K [0x00000000eab00000, 0x00000000ef200000, 0x0000000100000000)
  eden space 62464K, 22% used [0x00000000eab00000,0x00000000eb8fdc30,0x00000000ee800000)
  from space 5120K, 99% used [0x00000000eed00000,0x00000000ef1f9e20,0x00000000ef200000)
  to   space 5120K, 0% used [0x00000000ee800000,0x00000000ee800000,0x00000000eed00000)
 ParOldGen       total 83456K, used 4616K [0x00000000c0000000, 0x00000000c5180000, 0x00000000eab00000)
  object space 83456K, 5% used [0x00000000c0000000,0x00000000c04823c8,0x00000000c5180000)
 Metaspace       used 6171K, capacity 7090K, committed 7296K, reserved 1056768K
  class space    used 605K, capacity 618K, committed 640K, reserved 1048576K

Card table byte_map: [0x0000000011bf0000,0x0000000011e00000] byte_map_base: 0x00000000115f0000

Marking Bits: (ParMarkBitMap*) 0x00000000709e2f70
 Begin Bits: [0x00000000127a0000, 0x00000000137a0000)
 End Bits:   [0x00000000137a0000, 0x00000000147a0000)

Polling page: 0x00000000001c0000

CodeCache: size=245760Kb used=6066Kb max_used=6066Kb free=239693Kb
 bounds [0x0000000002830000, 0x0000000002e30000, 0x0000000011830000]
 total_blobs=1773 nmethods=1504 adapters=182
 compilation: enabled

Compilation events (10 events):
Event: 3.792 Thread 0x000000005539b800 nmethod 1510 0x0000000002e1d990 code [0x0000000002e1db40, 0x0000000002e1df58]
Event: 3.803 Thread 0x000000005539b800 1512       2       java.util.concurrent.locks.AbstractQueuedSynchronizer$Node::predecessor (19 bytes)
Event: 3.803 Thread 0x000000005539b800 nmethod 1512 0x0000000002e1e150 code [0x0000000002e1e2c0, 0x0000000002e1e4c8]
Event: 3.809 Thread 0x000000005539b800 1513       2       com.android.dx.rop.cst.CstInterfaceMethodRef::toMethodRef (31 bytes)
Event: 3.810 Thread 0x000000005539b800 nmethod 1513 0x0000000002e1e590 code [0x0000000002e1e700, 0x0000000002e1e978]
Event: 3.811 Thread 0x000000005539b800 1514       2       com.android.dx.util.Hex::u2 (44 bytes)
Event: 3.812 Thread 0x000000005539b800 nmethod 1514 0x0000000002e1eb50 code [0x0000000002e1ece0, 0x0000000002e1f138]
Event: 3.817 Thread 0x000000005539b800 1515       2       com.android.dx.rop.cst.CstLiteral64::hashCode (15 bytes)
Event: 3.817 Thread 0x000000005539b800 nmethod 1515 0x0000000002e1f310 code [0x0000000002e1f460, 0x0000000002e1f5d0]
Event: 3.817 Thread 0x000000005539b800 1517       2       com.android.dx.ssa.LocalVariableExtractor::<init> (61 bytes)

GC Heap History (4 events):
Event: 2.905 GC heap before
{Heap before GC invocations=1 (full 0):
 PSYoungGen      total 36352K, used 31232K [0x00000000eab00000, 0x00000000ed380000, 0x0000000100000000)
  eden space 31232K, 100% used [0x00000000eab00000,0x00000000ec980000,0x00000000ec980000)
  from space 5120K, 0% used [0x00000000ece80000,0x00000000ece80000,0x00000000ed380000)
  to   space 5120K, 0% used [0x00000000ec980000,0x00000000ec980000,0x00000000ece80000)
 ParOldGen       total 83456K, used 0K [0x00000000c0000000, 0x00000000c5180000, 0x00000000eab00000)
  object space 83456K, 0% used [0x00000000c0000000,0x00000000c0000000,0x00000000c5180000)
 Metaspace       used 5926K, capacity 6834K, committed 7040K, reserved 1056768K
  class space    used 604K, capacity 618K, committed 640K, reserved 1048576K
Event: 3.015 GC heap after
Heap after GC invocations=1 (full 0):
 PSYoungGen      total 36352K, used 5105K [0x00000000eab00000, 0x00000000ef200000, 0x0000000100000000)
  eden space 31232K, 0% used [0x00000000eab00000,0x00000000eab00000,0x00000000ec980000)
  from space 5120K, 99% used [0x00000000ec980000,0x00000000ece7c798,0x00000000ece80000)
  to   space 5120K, 0% used [0x00000000eed00000,0x00000000eed00000,0x00000000ef200000)
 ParOldGen       total 83456K, used 700K [0x00000000c0000000, 0x00000000c5180000, 0x00000000eab00000)
  object space 83456K, 0% used [0x00000000c0000000,0x00000000c00af128,0x00000000c5180000)
 Metaspace       used 5926K, capacity 6834K, committed 7040K, reserved 1056768K
  class space    used 604K, capacity 618K, committed 640K, reserved 1048576K
}
Event: 3.605 GC heap before
{Heap before GC invocations=2 (full 0):
 PSYoungGen      total 36352K, used 36337K [0x00000000eab00000, 0x00000000ef200000, 0x0000000100000000)
  eden space 31232K, 100% used [0x00000000eab00000,0x00000000ec980000,0x00000000ec980000)
  from space 5120K, 99% used [0x00000000ec980000,0x00000000ece7c798,0x00000000ece80000)
  to   space 5120K, 0% used [0x00000000eed00000,0x00000000eed00000,0x00000000ef200000)
 ParOldGen       total 83456K, used 700K [0x00000000c0000000, 0x00000000c5180000, 0x00000000eab00000)
  object space 83456K, 0% used [0x00000000c0000000,0x00000000c00af128,0x00000000c5180000)
 Metaspace       used 6123K, capacity 7026K, committed 7296K, reserved 1056768K
  class space    used 605K, capacity 618K, committed 640K, reserved 1048576K
Event: 3.647 GC heap after
Heap after GC invocations=2 (full 0):
 PSYoungGen      total 67584K, used 5095K [0x00000000eab00000, 0x00000000ef200000, 0x0000000100000000)
  eden space 62464K, 0% used [0x00000000eab00000,0x00000000eab00000,0x00000000ee800000)
  from space 5120K, 99% used [0x00000000eed00000,0x00000000ef1f9e20,0x00000000ef200000)
  to   space 5120K, 0% used [0x00000000ee800000,0x00000000ee800000,0x00000000eed00000)
 ParOldGen       total 83456K, used 4616K [0x00000000c0000000, 0x00000000c5180000, 0x00000000eab00000)
  object space 83456K, 5% used [0x00000000c0000000,0x00000000c04823c8,0x00000000c5180000)
 Metaspace       used 6123K, capacity 7026K, committed 7296K, reserved 1056768K
  class space    used 605K, capacity 618K, committed 640K, reserved 1048576K
}

Deoptimization events (10 events):
Event: 1.854 Thread 0x0000000057028000 Uncommon trap: reason=unstable_if action=reinterpret pc=0x0000000002a7fee0 method=java.util.BitSet.nextSetBit(I)I @ 87
Event: 2.684 Thread 0x00000000570a0800 Uncommon trap: reason=unstable_if action=reinterpret pc=0x0000000002b75350 method=com.android.dx.rop.code.RegisterSpec.equals(ILcom/android/dx/rop/type/TypeBearer;Lcom/android/dx/rop/code/LocalItem;)Z @ 42
Event: 2.834 Thread 0x00000000570a8800 Uncommon trap: reason=unstable_if action=reinterpret pc=0x0000000002c1801c method=com.android.dx.rop.code.RegisterSpecSet.put(Lcom/android/dx/rop/code/RegisterSpec;)V @ 77
Event: 2.834 Thread 0x00000000570a8800 Uncommon trap: reason=unstable_if action=reinterpret pc=0x0000000002c4c758 method=com.android.dx.rop.code.RegisterSpecSet.put(Lcom/android/dx/rop/code/RegisterSpec;)V @ 77
Event: 3.289 Thread 0x0000000057026800 Uncommon trap: reason=bimorphic action=maybe_recompile pc=0x0000000002cf4f30 method=com.android.dx.cf.code.BytecodeArray.parseInstruction(ILcom/android/dx/cf/code/BytecodeArray$Visitor;)I @ 2484
Event: 3.290 Thread 0x0000000057026800 Uncommon trap: reason=bimorphic action=maybe_recompile pc=0x0000000002cf4f30 method=com.android.dx.cf.code.BytecodeArray.parseInstruction(ILcom/android/dx/cf/code/BytecodeArray$Visitor;)I @ 2484
Event: 3.434 Thread 0x00000000570a8800 Uncommon trap: reason=unstable_if action=reinterpret pc=0x0000000002a8e8c4 method=com.android.dx.rop.cst.Constant.compareTo(Lcom/android/dx/rop/cst/Constant;)I @ 12
Event: 3.468 Thread 0x00000000021a8000 Uncommon trap: reason=unstable_if action=reinterpret pc=0x0000000002b6e454 method=java.lang.String.<init>([CII)V @ 18
Event: 3.538 Thread 0x00000000021a8000 Uncommon trap: reason=uninitialized action=reinterpret pc=0x0000000002cf5acc method=com.android.dx.cf.code.BytecodeArray.parseInstruction(ILcom/android/dx/cf/code/BytecodeArray$Visitor;)I @ 999
Event: 3.543 Thread 0x00000000021a8000 Uncommon trap: reason=bimorphic action=maybe_recompile pc=0x0000000002d889b4 method=java.util.HashMap.putVal(ILjava/lang/Object;Ljava/lang/Object;ZZ)Ljava/lang/Object; @ 203

Internal exceptions (2 events):
Event: 0.557 Thread 0x00000000021a8000 Exception <a 'java/lang/NoSuchMethodError': Method sun.misc.Unsafe.defineClass(Ljava/lang/String;[BII)Ljava/lang/Class; name or signature does not match> (0x00000000eab07cc0) thrown at [C:\re\workspace\8-2-build-windows-amd64-cygwin\jdk8u91\6644\hotspot\srþóQ½Òá?
Event: 0.557 Thread 0x00000000021a8000 Exception <a 'java/lang/NoSuchMethodError': Method sun.misc.Unsafe.prefetchRead(Ljava/lang/Object;J)V name or signature does not match> (0x00000000eab07fa8) thrown at [C:\re\workspace\8-2-build-windows-amd64-cygwin\jdk8u91\6644\hotspot\src\share\vm\prims\j

Events (10 events):
Event: 3.468 Thread 0x00000000021a8000 DEOPT PACKING pc=0x0000000002b6e454 sp=0x000000000255e530
Event: 3.469 Thread 0x00000000021a8000 DEOPT UNPACKING pc=0x000000000287582a sp=0x000000000255e460 mode 2
Event: 3.538 Thread 0x00000000021a8000 Uncommon trap: trap_request=0xffffffb5 fr.pc=0x0000000002cf5acc
Event: 3.538 Thread 0x00000000021a8000 DEOPT PACKING pc=0x0000000002cf5acc sp=0x000000000255e3e0
Event: 3.538 Thread 0x00000000021a8000 DEOPT UNPACKING pc=0x000000000287582a sp=0x000000000255e360 mode 2
Event: 3.543 Thread 0x00000000021a8000 Uncommon trap: trap_request=0xffffffc6 fr.pc=0x0000000002d889b4
Event: 3.543 Thread 0x00000000021a8000 DEOPT PACKING pc=0x0000000002d889b4 sp=0x000000000255e340
Event: 3.543 Thread 0x00000000021a8000 DEOPT UNPACKING pc=0x000000000287582a sp=0x000000000255e2c8 mode 2
Event: 3.598 Executing VM operation: ParallelGCFailedAllocation
Event: 3.647 Executing VM operation: ParallelGCFailedAllocation done


Dynamic libraries:
0x000000013f2f0000 - 0x000000013f327000 	C:\Program Files\Java\jdk1.8.0_91\bin\java.exe
0x0000000077230000 - 0x00000000773da000 	C:\Windows\SYSTEM32\ntdll.dll
0x0000000077110000 - 0x000000007722f000 	C:\Windows\system32\kernel32.dll
0x000007fefd120000 - 0x000007fefd18a000 	C:\Windows\system32\KERNELBASE.dll
0x000007fefeb40000 - 0x000007fefec1b000 	C:\Windows\system32\ADVAPI32.dll
0x000007fefeaa0000 - 0x000007fefeb3f000 	C:\Windows\system32\msvcrt.dll
0x000007feff0d0000 - 0x000007feff0ef000 	C:\Windows\SYSTEM32\sechost.dll
0x000007fefd410000 - 0x000007fefd53d000 	C:\Windows\system32\RPCRT4.dll
0x0000000077010000 - 0x000000007710a000 	C:\Windows\system32\USER32.dll
0x000007feff000000 - 0x000007feff067000 	C:\Windows\system32\GDI32.dll
0x000007feff460000 - 0x000007feff46e000 	C:\Windows\system32\LPK.dll
0x000007feff470000 - 0x000007feff53a000 	C:\Windows\system32\USP10.dll
0x000007fefbf90000 - 0x000007fefc184000 	C:\Windows\WinSxS\amd64_microsoft.windows.common-controls_6595b64144ccf1df_6.0.7601.18837_none_fa3b1e3d17594757\COMCTL32.dll
0x000007fefd540000 - 0x000007fefd5b1000 	C:\Windows\system32\SHLWAPI.dll
0x000007fefe5f0000 - 0x000007fefe61e000 	C:\Windows\system32\IMM32.DLL
0x000007fefeea0000 - 0x000007fefefa9000 	C:\Windows\system32\MSCTF.dll
0x000000005c260000 - 0x000000005c332000 	C:\Program Files\Java\jdk1.8.0_91\jre\bin\msvcr100.dll
0x00000000701d0000 - 0x0000000070a63000 	C:\Program Files\Java\jdk1.8.0_91\jre\bin\server\jvm.dll
0x000007fef7830000 - 0x000007fef7839000 	C:\Windows\system32\WSOCK32.dll
0x000007fefefb0000 - 0x000007fefeffd000 	C:\Windows\system32\WS2_32.dll
0x000007fefd5c0000 - 0x000007fefd5c8000 	C:\Windows\system32\NSI.dll
0x000007fef9810000 - 0x000007fef984b000 	C:\Windows\system32\WINMM.dll
0x000007fefbcb0000 - 0x000007fefbcbc000 	C:\Windows\system32\VERSION.dll
0x0000000077400000 - 0x0000000077407000 	C:\Windows\system32\PSAPI.DLL
0x0000000061dd0000 - 0x0000000061ddf000 	C:\Program Files\Java\jdk1.8.0_91\jre\bin\verify.dll
0x0000000061da0000 - 0x0000000061dc9000 	C:\Program Files\Java\jdk1.8.0_91\jre\bin\java.dll
0x0000000061d80000 - 0x0000000061d96000 	C:\Program Files\Java\jdk1.8.0_91\jre\bin\zip.dll
0x000007fefd860000 - 0x000007fefe5ec000 	C:\Windows\system32\SHELL32.dll
0x000007fefd5d0000 - 0x000007fefd7d3000 	C:\Windows\system32\ole32.dll
0x000007fefcf80000 - 0x000007fefcf8f000 	C:\Windows\system32\profapi.dll

VM Arguments:
jvm_args: -Djava.awt.headless=true -Xmx1024M -Dfile.encoding=windows-1250 -Duser.country=US -Duser.language=en -Duser.variant 
java_command: com.android.dx.command.Main --dex --num-threads=4 --output E:\Heureka\AndroidMemento\app\build\intermediates\pre-dexed\debug\com.android.support-appcompat-v7-24.0.0_ea0271764ce6f1119a94dcc9761ac154d20f809f.jar E:\Heureka\AndroidMemento\app\build\intermediates\exploded-aar\com.android.support\appcompat-v7\24.0.0\jars\classes.jar
java_class_path (initial): E:\Android\AndroidStudioSDK\build-tools\24.0.0\lib\dx.jar
Launcher Type: SUN_STANDARD

Environment Variables:
JAVA_HOME=C:\Program Files\Java\jdk1.7.0_21
USERNAME=ivan
OS=Windows_NT
PROCESSOR_IDENTIFIER=Intel64 Family 6 Model 58 Stepping 9, GenuineIntel



---------------  S Y S T E M  ---------------

OS: Windows 7 , 64 bit Build 7601 (6.1.7601.23418)

CPU:total 4 (2 cores per cpu, 2 threads per core) family 6 model 58 stepping 9, cmov, cx8, fxsr, mmx, sse, sse2, sse3, ssse3, sse4.1, sse4.2, popcnt, avx, aes, clmul, erms, ht, tsc, tscinvbit, tscinv

Memory: 4k page, physical 7954296k(220188k free), swap 11410324k(22664k free)

vm_info: Java HotSpot(TM) 64-Bit Server VM (25.91-b14) for windows-amd64 JRE (1.8.0_91-b14), built on Apr  1 2016 00:58:32 by "java_re" with MS VC++ 10.0 (VS2010)

time: Thu Sep 01 12:36:06 2016
elapsed time: 3 seconds (0d 0h 0m 3s)

